<?xml version="1.0" encoding="UTF-8"?>
<!-- Generated by org.testng.reporters.JUnitReportReporter -->
<testsuite skipped="0" hostname="DESKTOP-TU27P35" name="Test_Cases.Checking_product_count" tests="1" failures="0" timestamp="2020-03-26T14:53:51 IST" time="69.346" errors="0">
  <testcase name="counts3" time="69.346" classname="Test_Cases.Checking_product_count"/>
</testsuite> <!-- Test_Cases.Checking_product_count -->
