<?xml version="1.0" encoding="UTF-8"?>
<!-- Generated by org.testng.reporters.JUnitReportReporter -->
<testsuite skipped="0" hostname="DESKTOP-TU27P35" name="yourloga_Test_Cases.InvalidSerch" tests="2" failures="0" timestamp="2020-03-27T19:36:41 IST" time="68.225" errors="0">
  <testcase name="search1" time="26.463" classname="yourloga_Test_Cases.InvalidSerch"/>
  <testcase name="search2" time="41.762" classname="yourloga_Test_Cases.InvalidSerch"/>
</testsuite> <!-- yourloga_Test_Cases.InvalidSerch -->
