<?xml version="1.0" encoding="UTF-8"?>
<!-- Generated by org.testng.reporters.JUnitReportReporter -->
<testsuite skipped="0" hostname="DESKTOP-TU27P35" name="Test_Cases.Search" tests="2" failures="0" timestamp="2020-03-26T14:53:51 IST" time="130.397" errors="0">
  <testcase name="search2" time="70.226" classname="Test_Cases.Search"/>
  <testcase name="search1" time="60.171" classname="Test_Cases.Search"/>
</testsuite> <!-- Test_Cases.Search -->
