<?xml version="1.0" encoding="UTF-8"?>
<!-- Generated by org.testng.reporters.JUnitReportReporter -->
<testsuite skipped="0" hostname="DESKTOP-TU27P35" name="Test_Cases.Search1" tests="1" failures="0" timestamp="2020-03-25T15:22:25 IST" time="25.516" errors="0">
  <testcase name="search2" time="25.516" classname="Test_Cases.Search1"/>
</testsuite> <!-- Test_Cases.Search1 -->
