<?xml version="1.0" encoding="UTF-8"?>
<!-- Generated by org.testng.reporters.JUnitReportReporter -->
<testsuite skipped="0" hostname="DESKTOP-TU27P35" name="yourloga_Test_Cases.SupportThroughContactUs" tests="2" failures="0" timestamp="2020-03-27T19:36:41 IST" time="76.299" errors="0">
  <testcase name="contacting_Support2" time="40.174" classname="yourloga_Test_Cases.SupportThroughContactUs"/>
  <testcase name="contacting_Support1" time="36.125" classname="yourloga_Test_Cases.SupportThroughContactUs"/>
</testsuite> <!-- yourloga_Test_Cases.SupportThroughContactUs -->
