<?xml version="1.0" encoding="UTF-8"?>
<!-- Generated by org.testng.reporters.JUnitReportReporter -->
<testsuite skipped="0" hostname="DESKTOP-TU27P35" name="Test_Cases.Support_through_contactus" tests="2" failures="0" timestamp="2020-03-26T14:53:51 IST" time="150.242" errors="0">
  <testcase name="contacting_support1" time="103.521" classname="Test_Cases.Support_through_contactus"/>
  <testcase name="contacting_support2" time="46.721" classname="Test_Cases.Support_through_contactus"/>
</testsuite> <!-- Test_Cases.Support_through_contactus -->
