<?xml version="1.0" encoding="UTF-8"?>
<!-- Generated by org.testng.reporters.JUnitReportReporter -->
<testsuite skipped="0" hostname="DESKTOP-TU27P35" name="yourloga_Test_Cases.ValidSearch" tests="2" failures="0" timestamp="2020-03-27T19:36:41 IST" time="76.191" errors="0">
  <testcase name="search2" time="36.881" classname="yourloga_Test_Cases.ValidSearch"/>
  <testcase name="search1" time="39.310" classname="yourloga_Test_Cases.ValidSearch"/>
</testsuite> <!-- yourloga_Test_Cases.ValidSearch -->
