<?xml version="1.0" encoding="UTF-8"?>
<!-- Generated by org.testng.reporters.JUnitReportReporter -->
<testsuite skipped="0" hostname="DESKTOP-TU27P35" name="yourloga_Test_Cases.CheckingProducts" tests="1" failures="0" timestamp="2020-03-27T19:36:41 IST" time="42.725" errors="0">
  <testcase name="verify1" time="42.725" classname="yourloga_Test_Cases.CheckingProducts"/>
</testsuite> <!-- yourloga_Test_Cases.CheckingProducts -->
