<?xml version="1.0" encoding="UTF-8"?>
<!-- Generated by org.testng.reporters.JUnitReportReporter -->
<testsuite skipped="0" hostname="DESKTOP-TU27P35" name="Test_Cases.Invalid_Serch" tests="2" failures="0" timestamp="2020-03-26T14:53:51 IST" time="123.375" errors="0">
  <testcase name="search1" time="82.224" classname="Test_Cases.Invalid_Serch"/>
  <testcase name="search2" time="41.151" classname="Test_Cases.Invalid_Serch"/>
</testsuite> <!-- Test_Cases.Invalid_Serch -->
